Flow report for dc2677a_c5soc
Wed Jan 18 19:38:47 2023
Quartus Prime Version 21.1.1 Build 850 06/23/2022 SJ Standard Edition


---------------------
; Table of Contents ;
---------------------
  1. Legal Notice
  2. Flow Summary
  3. Flow Settings
  4. Flow Non-Default Global Settings
  5. Flow Elapsed Time
  6. Flow OS Summary
  7. Flow Log
  8. Flow Messages
  9. Flow Suppressed Messages



----------------
; Legal Notice ;
----------------
Copyright (C) 2022  Intel Corporation. All rights reserved.
Your use of Intel Corporation's design tools, logic functions 
and other software and tools, and any partner logic 
functions, and any output files from any of the foregoing 
(including device programming or simulation files), and any 
associated documentation or information are expressly subject 
to the terms and conditions of the Intel Program License 
Subscription Agreement, the Intel Quartus Prime License Agreement,
the Intel FPGA IP License Agreement, or other applicable license
agreement, including, without limitation, that your use is for
the sole purpose of programming logic devices manufactured by
Intel and sold by Intel or its authorized distributors.  Please
refer to the applicable agreement for further details, at
https://fpgasoftware.intel.com/eula.



+-----------------------------------------------------------------------------------+
; Flow Summary                                                                      ;
+---------------------------------+-------------------------------------------------+
; Flow Status                     ; Successful - Wed Jan 18 19:34:56 2023           ;
; Quartus Prime Version           ; 21.1.1 Build 850 06/23/2022 SJ Standard Edition ;
; Revision Name                   ; dc2677a_c5soc                                   ;
; Top-level Entity Name           ; system_top                                      ;
; Family                          ; Cyclone V                                       ;
; Device                          ; 5CSXFC6D6F31C8ES                                ;
; Timing Models                   ; Preliminary                                     ;
; Logic utilization (in ALMs)     ; 10,231 / 41,910 ( 24 % )                        ;
; Total registers                 ; 20300                                           ;
; Total pins                      ; 174 / 499 ( 35 % )                              ;
; Total virtual pins              ; 0                                               ;
; Total block memory bits         ; 576,656 / 5,662,720 ( 10 % )                    ;
; Total DSP Blocks                ; 9 / 112 ( 8 % )                                 ;
; Total HSSI RX PCSs              ; 0 / 9 ( 0 % )                                   ;
; Total HSSI PMA RX Deserializers ; 0 / 9 ( 0 % )                                   ;
; Total HSSI TX PCSs              ; 0 / 9 ( 0 % )                                   ;
; Total HSSI PMA TX Serializers   ; 0 / 9 ( 0 % )                                   ;
; Total PLLs                      ; 1 / 15 ( 7 % )                                  ;
; Total DLLs                      ; 1 / 4 ( 25 % )                                  ;
+---------------------------------+-------------------------------------------------+


+-----------------------------------------+
; Flow Settings                           ;
+-------------------+---------------------+
; Option            ; Setting             ;
+-------------------+---------------------+
; Start date & time ; 01/18/2023 19:08:31 ;
; Main task         ; Compilation         ;
; Revision Name     ; dc2677a_c5soc       ;
+-------------------+---------------------+


+-----------------------------------------------------------------------------------------------------------------------------------------------------------------------------------------+
; Flow Non-Default Global Settings                                                                                                                                                        ;
+---------------------------------------+----------------------------------------------------------------------------------+---------------+---------------------------------+------------+
; Assignment Name                       ; Value                                                                            ; Default Value ; Entity Name                     ; Section Id ;
+---------------------------------------+----------------------------------------------------------------------------------+---------------+---------------------------------+------------+
; COMPILER_SIGNATURE_ID                 ; 138851912925866.167404011020444                                                  ; --            ; --                              ; --         ;
; ECO_REGENERATE_REPORT                 ; On                                                                               ; Off           ; --                              ; --         ;
; ENABLE_ADVANCED_IO_TIMING             ; -- (Not supported for targeted family)                                           ; --            ; --                              ; --         ;
; ENABLE_HPS_INTERNAL_TIMING            ; On                                                                               ; Off           ; --                              ; --         ;
; HPS_ISW_FILE                          ; system_bd/synthesis/submodules/sequencer/alt_types.pre.h                         ; --            ; system_bd_sys_hps_hps_io_border ; --         ;
; HPS_ISW_FILE                          ; system_bd/synthesis/submodules/sequencer/emif.pre.xml                            ; --            ; system_bd_sys_hps_hps_io_border ; --         ;
; HPS_ISW_FILE                          ; system_bd/synthesis/submodules/sequencer/sdram_io.pre.h                          ; --            ; system_bd_sys_hps_hps_io_border ; --         ;
; HPS_ISW_FILE                          ; system_bd/synthesis/submodules/sequencer/sequencer.pre.c                         ; --            ; system_bd_sys_hps_hps_io_border ; --         ;
; HPS_ISW_FILE                          ; system_bd/synthesis/submodules/sequencer/sequencer.pre.h                         ; --            ; system_bd_sys_hps_hps_io_border ; --         ;
; HPS_ISW_FILE                          ; system_bd/synthesis/submodules/sequencer/sequencer_auto.pre.h                    ; --            ; system_bd_sys_hps_hps_io_border ; --         ;
; HPS_ISW_FILE                          ; system_bd/synthesis/submodules/sequencer/sequencer_auto_ac_init.pre.c            ; --            ; system_bd_sys_hps_hps_io_border ; --         ;
; HPS_ISW_FILE                          ; system_bd/synthesis/submodules/sequencer/sequencer_auto_inst_init.pre.c          ; --            ; system_bd_sys_hps_hps_io_border ; --         ;
; HPS_ISW_FILE                          ; system_bd/synthesis/submodules/sequencer/sequencer_defines.pre.h                 ; --            ; system_bd_sys_hps_hps_io_border ; --         ;
; HPS_ISW_FILE                          ; system_bd/synthesis/submodules/sequencer/system.pre.h                            ; --            ; system_bd_sys_hps_hps_io_border ; --         ;
; HPS_ISW_FILE                          ; system_bd/synthesis/submodules/sequencer/tclrpt.pre.c                            ; --            ; system_bd_sys_hps_hps_io_border ; --         ;
; HPS_ISW_FILE                          ; system_bd/synthesis/submodules/sequencer/tclrpt.pre.h                            ; --            ; system_bd_sys_hps_hps_io_border ; --         ;
; HPS_ISW_FILE                          ; system_bd/synthesis/submodules/hps.pre.xml                                       ; --            ; system_bd_sys_hps_hps_io_border ; --         ;
; HPS_PARTITION                         ; On                                                                               ; --            ; system_bd_sys_hps_hps_io_border ; --         ;
; IP_SEARCH_PATHS                       ; C:/Users/JGeroni2/Documents/jemfgeronimo_hdl/hdl/library/**/*                    ; --            ; --                              ; --         ;
; MESSAGE_DISABLE                       ; 17951                                                                            ; --            ; --                              ; --         ;
; MESSAGE_DISABLE                       ; 18655                                                                            ; --            ; --                              ; --         ;
; MESSAGE_DISABLE                       ; 19527                                                                            ; --            ; --                              ; --         ;
; MESSAGE_DISABLE                       ; 114001                                                                           ; --            ; --                              ; --         ;
; MESSAGE_DISABLE                       ; 276027                                                                           ; --            ; axi_dmac_burst_memory           ; --         ;
; MISC_FILE                             ; system_bd/synthesis/../system_bd.cmp                                             ; --            ; --                              ; --         ;
; MISC_FILE                             ; system_bd/synthesis/../../C                                                      ; --            ; --                              ; --         ;
; MISC_FILE                             ; system_bd/synthesis/system_bd_sys_hps_hps.svd                                    ; --            ; --                              ; --         ;
; MISC_FILE                             ; system_bd/synthesis/../../system_bd.qsys                                         ; --            ; --                              ; --         ;
; MISC_FILE                             ; system_bd/synthesis/submodules/sequencer/alt_types.pre.h                         ; --            ; --                              ; --         ;
; MISC_FILE                             ; system_bd/synthesis/submodules/sequencer/emif.pre.xml                            ; --            ; --                              ; --         ;
; MISC_FILE                             ; system_bd/synthesis/submodules/sequencer/sdram_io.pre.h                          ; --            ; --                              ; --         ;
; MISC_FILE                             ; system_bd/synthesis/submodules/sequencer/sequencer.pre.c                         ; --            ; --                              ; --         ;
; MISC_FILE                             ; system_bd/synthesis/submodules/sequencer/sequencer.pre.h                         ; --            ; --                              ; --         ;
; MISC_FILE                             ; system_bd/synthesis/submodules/sequencer/sequencer_auto.pre.h                    ; --            ; --                              ; --         ;
; MISC_FILE                             ; system_bd/synthesis/submodules/sequencer/sequencer_auto_ac_init.pre.c            ; --            ; --                              ; --         ;
; MISC_FILE                             ; system_bd/synthesis/submodules/sequencer/sequencer_auto_inst_init.pre.c          ; --            ; --                              ; --         ;
; MISC_FILE                             ; system_bd/synthesis/submodules/sequencer/sequencer_defines.pre.h                 ; --            ; --                              ; --         ;
; MISC_FILE                             ; system_bd/synthesis/submodules/sequencer/system.pre.h                            ; --            ; --                              ; --         ;
; MISC_FILE                             ; system_bd/synthesis/submodules/sequencer/tclrpt.pre.c                            ; --            ; --                              ; --         ;
; MISC_FILE                             ; system_bd/synthesis/submodules/sequencer/tclrpt.pre.h                            ; --            ; --                              ; --         ;
; MISC_FILE                             ; system_bd/synthesis/submodules/hps.pre.xml                                       ; --            ; --                              ; --         ;
; MISC_FILE                             ; system_bd/synthesis/submodules/inc_id.vh                                         ; --            ; --                              ; --         ;
; MISC_FILE                             ; system_bd/synthesis/submodules/resp.vh                                           ; --            ; --                              ; --         ;
; SLD_FILE                              ; system_bd/synthesis/system_bd.regmap                                             ; --            ; --                              ; --         ;
; SLD_FILE                              ; system_bd/synthesis/system_bd.debuginfo                                          ; --            ; --                              ; --         ;
; SLD_INFO                              ; QSYS_NAME system_bd HAS_SOPCINFO 1 GENERATION_ID 1674039637                      ; --            ; system_bd                       ; --         ;
; SOPCINFO_FILE                         ; system_bd/synthesis/../../system_bd.sopcinfo                                     ; --            ; --                              ; --         ;
; SYNTHESIS_ONLY_QIP                    ; On                                                                               ; --            ; --                              ; --         ;
; TIMING_ANALYZER_DO_REPORT_TIMING      ; On                                                                               ; Off           ; --                              ; --         ;
; TIMING_ANALYZER_REPORT_SCRIPT         ; C:/Users/JGeroni2/Documents/jemfgeronimo_hdl/hdl/projects/scripts/adi_tquest.tcl ; --            ; --                              ; --         ;
; TOP_LEVEL_ENTITY                      ; system_top                                                                       ; dc2677a_c5soc ; --                              ; --         ;
; USE_DLL_FREQUENCY_FOR_DQS_DELAY_CHAIN ; On                                                                               ; Off           ; --                              ; --         ;
+---------------------------------------+----------------------------------------------------------------------------------+---------------+---------------------------------+------------+


+--------------------------------------------------------------------------------------------------------------------------+
; Flow Elapsed Time                                                                                                        ;
+----------------------+--------------+-------------------------+---------------------+------------------------------------+
; Module Name          ; Elapsed Time ; Average Processors Used ; Peak Virtual Memory ; Total CPU Time (on all processors) ;
+----------------------+--------------+-------------------------+---------------------+------------------------------------+
; Analysis & Synthesis ; 00:10:07     ; 2.9                     ; 5519 MB             ; 00:04:55                           ;
; Fitter               ; 00:10:44     ; 1.3                     ; 7856 MB             ; 00:14:21                           ;
; Assembler            ; 00:05:17     ; 1.0                     ; 5156 MB             ; 00:00:24                           ;
; Timing Analyzer      ; 00:03:48     ; 1.8                     ; 6429 MB             ; 00:02:28                           ;
; Total                ; 00:29:56     ; --                      ; --                  ; 00:22:08                           ;
+----------------------+--------------+-------------------------+---------------------+------------------------------------+


+------------------------------------------------------------------------------------+
; Flow OS Summary                                                                    ;
+----------------------+------------------+------------+------------+----------------+
; Module Name          ; Machine Hostname ; OS Name    ; OS Version ; Processor type ;
+----------------------+------------------+------------+------------+----------------+
; Analysis & Synthesis ; JGERONI2-L02     ; Windows 10 ; 10.0       ; x86_64         ;
; Fitter               ; JGERONI2-L02     ; Windows 10 ; 10.0       ; x86_64         ;
; Assembler            ; JGERONI2-L02     ; Windows 10 ; 10.0       ; x86_64         ;
; Timing Analyzer      ; JGERONI2-L02     ; Windows 10 ; 10.0       ; x86_64         ;
+----------------------+------------------+------------+------------+----------------+


------------
; Flow Log ;
------------
quartus_map --read_settings_files=on --write_settings_files=off dc2677a_c5soc -c dc2677a_c5soc
quartus_fit --read_settings_files=off --write_settings_files=off dc2677a_c5soc -c dc2677a_c5soc
quartus_asm --read_settings_files=off --write_settings_files=off dc2677a_c5soc -c dc2677a_c5soc
quartus_sta dc2677a_c5soc -c dc2677a_c5soc



